c:\users\jakub\desktop\rop\rop\bin\intermediate\win32\debug\vc142.pdb
c:\users\jakub\desktop\rop\rop\bin\intermediate\win32\debug\vc142.idb
c:\users\jakub\desktop\rop\rop\bin\intermediate\win32\debug\main.obj
c:\users\jakub\desktop\rop\rop\bin\intermediate\win32\debug\app.obj
c:\users\jakub\desktop\rop\rop\bin\intermediate\win32\debug\settings.obj
c:\users\jakub\desktop\rop\rop\bin\intermediate\win32\debug\socket.obj
c:\users\jakub\desktop\rop\rop\bin\intermediate\win32\debug\server.obj
c:\users\jakub\desktop\rop\rop\bin\intermediate\win32\debug\peer.obj
c:\users\jakub\desktop\rop\rop\bin\intermediate\win32\debug\client.obj
c:\users\jakub\desktop\rop\rop\bin\intermediate\win32\debug\network.obj
c:\users\jakub\desktop\rop\rop\bin\intermediate\win32\debug\networkarchitecture.obj
c:\users\jakub\desktop\rop\rop\bin\win32\debug\fileshare.exe
c:\users\jakub\desktop\rop\rop\bin\intermediate\win32\debug\fileshare.ilk
c:\users\jakub\desktop\rop\rop\bin\win32\debug\fileshare.pdb
c:\users\jakub\desktop\rop\rop\bin\intermediate\win32\debug\fileshare.vcxproj.filelistabsolute.txt
c:\users\jakub\desktop\rop\rop\bin\intermediate\win32\debug\fileshare.tlog\cl.command.1.tlog
c:\users\jakub\desktop\rop\rop\bin\intermediate\win32\debug\fileshare.tlog\cl.read.1.tlog
c:\users\jakub\desktop\rop\rop\bin\intermediate\win32\debug\fileshare.tlog\cl.write.1.tlog
c:\users\jakub\desktop\rop\rop\bin\intermediate\win32\debug\fileshare.tlog\link.command.1.tlog
c:\users\jakub\desktop\rop\rop\bin\intermediate\win32\debug\fileshare.tlog\link.read.1.tlog
c:\users\jakub\desktop\rop\rop\bin\intermediate\win32\debug\fileshare.tlog\link.write.1.tlog
